<?xml version="1.0" encoding="UTF-8"?>
<testng-results ignored="0" total="1" passed="1" failed="0" skipped="0">
  <reporter-output>
  </reporter-output>
  <suite started-at="2020-04-21T01:37:27Z" name="Default suite" finished-at="2020-04-21T01:37:30Z" duration-ms="2359">
    <groups>
    </groups>
    <test started-at="2020-04-21T01:37:27Z" name="Default test" finished-at="2020-04-21T01:37:30Z" duration-ms="2359">
      <class name="sukhoi71.tc1getrequest">
        <test-method signature="getweatherdetails()[pri:0, instance:sukhoi71.tc1getrequest@437da279]" started-at="2020-04-21T01:37:27Z" name="getweatherdetails" finished-at="2020-04-21T01:37:30Z" duration-ms="2334" status="PASS">
          <reporter-output>
          </reporter-output>
        </test-method> <!-- getweatherdetails -->
      </class> <!-- sukhoi71.tc1getrequest -->
    </test> <!-- Default test -->
  </suite> <!-- Default suite -->
</testng-results>
